<?xml version="1.0" encoding="UTF-8"?>
<!-- Generated by org.testng.reporters.JUnitReportReporter -->
<testsuite hostname="THBSSTRLPT-389" failures="0" tests="2" name="com.suite1.python.pythonTest" time="8.330" errors="0" timestamp="2022-03-17T16:35:46 IST" skipped="0">
  <testcase classname="com.suite1.python.pythonTest" name="init" time="7.403"/>
  <system-out/>
  <testcase classname="com.suite1.python.pythonTest" name="community" time="0.927"/>
  <system-out/>
</testsuite> <!-- com.suite1.python.pythonTest -->
